<?xml version="1.0" encoding="UTF-8"?>
<!-- Generated by org.testng.reporters.JUnitReportReporter -->
<testsuite hostname="LR9WL4N-THINK" name="tests.Test1" tests="3" failures="0" timestamp="25 Oct 2018 06:10:44 GMT" time="1.958" errors="0">
  <testcase name="test1" time="0.014" classname="tests.Test1"/>
  <testcase name="test3" time="0.206" classname="tests.Test1"/>
  <testcase name="test2" time="1.738" classname="tests.Test1"/>
</testsuite> <!-- tests.Test1 -->
