<?xml version="1.0" encoding="UTF-8"?>
<!-- Generated by org.testng.reporters.JUnitReportReporter -->
<testsuite hostname="LR9WL4N-THINK" name="test2.Wallet" tests="1" failures="0" timestamp="24 Oct 2018 14:24:07 GMT" time="49.118" errors="0">
  <testcase name="test1" time="49.118" classname="test2.Wallet"/>
</testsuite> <!-- test2.Wallet -->
